2026-03-15 10:18:11,304 | INFO | Starting PDF Sync Script
2026-03-15 10:18:11,306 | ERROR | WATCH_FOLDER '/sdcard/Books/Foundation/' does not exist.
2026-03-15 10:21:16,069 | INFO | Starting PDF Sync Script
2026-03-15 10:21:16,069 | ERROR | WATCH_FOLDER '/sdcard/Books/Foundation/' does not exist.
2026-03-15 10:22:15,718 | INFO | Starting PDF Sync Script
2026-03-15 10:22:15,719 | ERROR | WATCH_FOLDER '/sdcard/Books/Foundation/' does not exist.
2026-03-15 10:23:28,618 | INFO | Starting PDF Sync Script
2026-03-15 10:23:28,619 | ERROR | WATCH_FOLDER '/sdcard/Books/Foundation/' does not exist.
2026-03-15 10:26:59,770 | INFO | Starting PDF Sync Script
2026-03-15 10:26:59,770 | ERROR | WATCH_FOLDER '/sdcard/Books/Foundation/' does not exist.
2026-03-15 10:31:42,227 | INFO | Starting PDF Sync Script
2026-03-15 10:31:42,229 | INFO | Starting background Loki logger streaming to https://logs-prod-028.grafana.net
2026-03-15 10:31:42,277 | ERROR | WATCH_FOLDER '/sdcard/Books/Foundation/' does not exist.
2026-03-15 10:31:42,278 | INFO | Terminating background Loki logger...
2026-03-15 10:32:04,789 | INFO | Starting PDF Sync Script
2026-03-15 10:32:04,790 | INFO | Starting background Loki logger streaming to https://logs-prod-028.grafana.net
2026-03-15 10:32:04,885 | ERROR | WATCH_FOLDER '/sdcard/Books/Foundation/' does not exist.
2026-03-15 10:32:04,886 | INFO | Terminating background Loki logger...
2026-03-15 10:32:05,891 | INFO | Loki logger terminated.
2026-03-15 14:19:20,270 | INFO | Starting PDF Sync Script
2026-03-15 14:19:20,274 | INFO | Local SQLite database initialised
2026-03-15 14:19:20,275 | INFO | Starting background Loki logger streaming to https://logs-prod-028.grafana.net
2026-03-15 14:19:20,376 | WARNING | NHOST_CONNECTION_STRING not set — online DB unavailable
2026-03-15 14:19:20,377 | WARNING | Nhost is unavailable, skipping reconciliation.
2026-03-15 14:19:20,378 | ERROR | WATCH_FOLDER '/sdcard/Books/Foundation/' does not exist.
2026-03-15 14:19:20,379 | WARNING | Email report skipped — SMTP credentials not configured
2026-03-15 14:19:20,381 | INFO | Lock released
2026-03-15 14:19:20,383 | INFO | Terminating background Loki logger...
2026-03-15 14:19:20,384 | INFO | LOKI_LOGGER_TERMINATE
2026-03-15 14:19:21,966 | INFO | Loki logger terminated.
2026-03-15 14:26:49,113 | INFO | Starting PDF Sync Script
2026-03-15 14:26:49,115 | INFO | Local SQLite database initialised
2026-03-15 14:26:49,115 | INFO | Starting background Loki logger streaming to https://logs-prod-028.grafana.net
2026-03-15 14:26:49,174 | WARNING | NHOST_CONNECTION_STRING not set — online DB unavailable
2026-03-15 14:26:49,174 | WARNING | Nhost is unavailable, skipping reconciliation.
2026-03-15 14:26:49,175 | ERROR | WATCH_FOLDER '/sdcard/Books/Foundation/' does not exist.
2026-03-15 14:26:49,175 | WARNING | Email report skipped — SMTP credentials not configured
2026-03-15 14:26:49,177 | INFO | Lock released
2026-03-15 14:26:49,178 | INFO | Terminating background Loki logger...
2026-03-15 14:26:49,179 | INFO | LOKI_LOGGER_TERMINATE
2026-03-15 14:26:50,345 | INFO | Loki logger terminated.
2026-03-15 14:28:30,807 | INFO | Starting PDF Sync Script
2026-03-15 14:28:30,808 | INFO | Local SQLite database initialised
2026-03-15 14:28:30,809 | INFO | Starting background Loki logger streaming to https://logs-prod-028.grafana.net
2026-03-15 14:28:30,869 | WARNING | NHOST_CONNECTION_STRING not set — online DB unavailable
2026-03-15 14:28:30,870 | WARNING | Nhost is unavailable, skipping reconciliation.
2026-03-15 14:28:30,871 | ERROR | WATCH_FOLDER '/sdcard/Books/Foundation/' does not exist.
2026-03-15 14:28:30,871 | WARNING | Email report skipped — SMTP credentials not configured
2026-03-15 14:28:30,872 | INFO | Lock released
2026-03-15 14:28:30,873 | INFO | Terminating background Loki logger...
2026-03-15 14:28:30,873 | INFO | LOKI_LOGGER_TERMINATE
2026-03-15 14:28:31,998 | INFO | Loki logger terminated.
2026-03-15 14:29:34,262 | INFO | Starting PDF Sync Script
2026-03-15 14:29:34,264 | INFO | Local SQLite database initialised
2026-03-15 14:29:34,265 | INFO | Starting background Loki logger streaming to https://logs-prod-028.grafana.net
2026-03-15 14:29:34,332 | WARNING | NHOST_CONNECTION_STRING not set — online DB unavailable
2026-03-15 14:29:34,332 | WARNING | Nhost is unavailable, skipping reconciliation.
2026-03-15 14:29:34,333 | ERROR | WATCH_FOLDER '/sdcard/Books/Foundation/' does not exist.
2026-03-15 14:29:34,334 | WARNING | Email report skipped — SMTP credentials not configured
2026-03-15 14:29:34,335 | INFO | Lock released
2026-03-15 14:29:34,335 | INFO | Terminating background Loki logger...
2026-03-15 14:29:34,336 | INFO | LOKI_LOGGER_TERMINATE
2026-03-15 14:29:35,647 | INFO | Loki logger terminated.
2026-03-15 14:30:35,994 | INFO | Starting PDF Sync Script
2026-03-15 14:30:35,996 | INFO | Local SQLite database initialised
2026-03-15 14:30:35,997 | INFO | Starting background Loki logger streaming to https://logs-prod-028.grafana.net
2026-03-15 14:30:37,561 | INFO | Pushed 214 missing records to Nhost
2026-03-15 14:30:37,563 | INFO | Reconciliation complete
2026-03-15 14:30:37,567 | ERROR | WATCH_FOLDER '/sdcard/Books/Foundation/' does not exist.
2026-03-15 14:30:43,933 | INFO | Email report sent successfully
2026-03-15 14:30:43,935 | INFO | Lock released
2026-03-15 14:30:43,936 | INFO | Terminating background Loki logger...
2026-03-15 14:30:43,936 | INFO | LOKI_LOGGER_TERMINATE
2026-03-15 14:30:45,074 | INFO | Loki logger terminated.
2026-03-15 14:31:15,242 | INFO | Starting PDF Sync Script
2026-03-15 14:31:15,244 | INFO | Local SQLite database initialised
2026-03-15 14:31:15,245 | INFO | Starting background Loki logger streaming to https://logs-prod-028.grafana.net
2026-03-15 14:31:16,178 | INFO | Databases in sync (214 records)
2026-03-15 14:31:16,179 | ERROR | WATCH_FOLDER '/sdcard/Books/Foundation/' does not exist.
2026-03-15 14:31:21,581 | INFO | Email report sent successfully
2026-03-15 14:31:21,583 | INFO | Lock released
2026-03-15 14:31:21,583 | INFO | Terminating background Loki logger...
2026-03-15 14:31:21,584 | INFO | LOKI_LOGGER_TERMINATE
2026-03-15 14:31:22,549 | INFO | Loki logger terminated.
2026-03-15 14:34:27,511 | INFO | Starting PDF Sync Script
2026-03-15 14:34:27,513 | INFO | Local SQLite database initialised
2026-03-15 14:34:27,514 | INFO | Starting background Loki logger streaming to https://logs-prod-028.grafana.net
2026-03-15 14:34:28,604 | INFO | Databases in sync (214 records)
2026-03-15 14:34:28,606 | ERROR | WATCH_FOLDER '/sdcard/Books/Foundation/' does not exist.
2026-03-15 14:34:28,607 | INFO | Lock released
2026-03-15 14:34:28,607 | INFO | Terminating background Loki logger...
2026-03-15 14:34:28,607 | INFO | LOKI_LOGGER_TERMINATE
2026-03-15 14:34:29,714 | INFO | Loki logger terminated.
2026-03-15 14:37:29,428 [INFO] Starting PDF Sync Script
2026-03-15 14:37:29,429 [INFO] Local SQLite database initialised
2026-03-15 14:37:29,430 [INFO] Starting background Loki logger streaming to https://logs-prod-028.grafana.net
2026-03-15 14:37:30,483 [INFO] Databases in sync (214 records)
2026-03-15 14:37:30,485 [ERROR] WATCH_FOLDER '/sdcard/Books/Foundation/' does not exist.
2026-03-15 14:37:30,486 [INFO] Lock released
2026-03-15 14:37:30,486 [INFO] Terminating background Loki logger...
2026-03-15 14:37:30,487 [INFO] LOKI_LOGGER_TERMINATE
2026-03-15 14:37:31,639 [INFO] Loki logger terminated.
